<?xml version="1.0" encoding="UTF-8"?>
<!-- Generated by org.testng.reporters.JUnitReportReporter -->
<testsuite skipped="0" hostname="Parul" name="qaclickacademy.SeleniumTest" tests="1" failures="0" timestamp="2021-03-07T20:54:41 GMT" time="0.001" errors="0">
  <testcase name="SeleniumAutomationtest" time="0.001" classname="qaclickacademy.SeleniumTest"/>
  <system-out/>
</testsuite> <!-- qaclickacademy.SeleniumTest -->
