<?xml version="1.0" encoding="UTF-8"?>
<!-- Generated by org.testng.reporters.JUnitReportReporter -->
<testsuite skipped="0" hostname="Parul" name="qaclickacademy.AppiumTest" tests="1" failures="0" timestamp="2021-03-07T20:54:41 GMT" time="0.010" errors="0">
  <testcase name="AppiumAutomationtest" time="0.010" classname="qaclickacademy.AppiumTest"/>
  <system-out/>
</testsuite> <!-- qaclickacademy.AppiumTest -->
